Arguments: 
  /Users/kvn/.nvm/versions/node/v16.15.1/bin/node /Users/kvn/.nvm/versions/node/v16.15.1/bin/yarn contracts

PATH: 
  /opt/homebrew/opt/openssl@1.1/bin:/opt/homebrew/opt/openssl@3/bin:/opt/homebrew/bin:/Users/kvn/.nvm/versions/node/v16.15.1/bin:/Library/Frameworks/Python.framework/Versions/3.10/bin:/Applications/Sublime Text.app/Contents/SharedSupport/bin:/usr/local/bin:/usr/bin:/bin:/usr/sbin:/sbin:/usr/local/go/bin:/Library/Apple/usr/bin:/Applications/Postgres.app/Contents/Versions/latest/bin:/Applications/Postgres.app/Contents/Versions/14/bin

Yarn version: 
  1.22.19

Node version: 
  16.15.1

Platform: 
  darwin arm64

Trace: 
  SyntaxError: /Users/kvn/_/Code/NFTYFINANCE/nftyfinance-monorepo/dapp/package.json: Unexpected string in JSON at position 112
      at JSON.parse (<anonymous>)
      at /Users/kvn/.nvm/versions/node/v16.15.1/lib/node_modules/yarn/lib/cli.js:1629:59
      at Generator.next (<anonymous>)
      at step (/Users/kvn/.nvm/versions/node/v16.15.1/lib/node_modules/yarn/lib/cli.js:310:30)
      at /Users/kvn/.nvm/versions/node/v16.15.1/lib/node_modules/yarn/lib/cli.js:321:13

npm manifest: 
  {
    "name": "nftyfinance-dapp",
    "version": "0.0.1",
    "scripts": {
      "contracts": "yarn wagmi generate"
      "prepare:local": "cp local.graphclientrc.yml .graphclientrc.yml",
      "prepare:prod": "cp prod.graphclientrc.yml .graphclientrc.yml && graphclient build",
      "build:graphclient": "graphclient build && rm .graphclient/package.json",
      "start": "yarn prepare:local && yarn build:graphclient && vite",
      "build:local": "yarn prepare:local && tsc && vite build",
      "build:prod": "yarn prepare:prod && tsc && vite build",
      "preview": "vite preview"
    },
    "dependencies": {
      "@graphprotocol/client-urql": "^1.0.18",
      "buffer": "^6.0.3",
      "connectkit": "^1.2.3",
      "dayjs": "^1.11.7",
      "ethers": "^5.7.2",
      "graphql": "^16.6.0",
      "process": "^0.11.10",
      "react": "^18.2.0",
      "react-dom": "^18.2.0",
      "react-hook-form": "^7.43.9",
      "react-router-dom": "^6.10.0",
      "react-slider": "^2.0.4",
      "urql": "^4.0.1",
      "util": "^0.12.5",
      "wagmi": "^0.12.12"
    },
    "devDependencies": {
      "@graphprotocol/client-cli": "^2.2.22",
      "@types/react": "^18.2.0",
      "@types/react-dom": "^18.2.0",
      "@types/react-slider": "^1.3.1",
      "@vitejs/plugin-react": "^4.0.0",
      "@wagmi/cli": "^0.1.15",
      "typescript": "^5.0.4",
      "vite": "^4.3.3"
    },
    "resolutions": {
      "ethereumjs-abi": "https://registry.npmjs.org/ethereumjs-abi/-/ethereumjs-abi-0.6.8.tgz"
    }
  }

yarn manifest: 
  No manifest

Lockfile: 
  
